<?xml version="1.0" encoding="UTF-8"?>
<testng-results skipped="0" failed="0" ignored="0" total="1" passed="1">
  <reporter-output>
  </reporter-output>
  <suite name="Default suite" duration-ms="26" started-at="2020-04-25T00:46:33Z" finished-at="2020-04-25T00:46:33Z">
    <groups>
    </groups>
    <test name="Default test" duration-ms="26" started-at="2020-04-25T00:46:33Z" finished-at="2020-04-25T00:46:33Z">
      <class name="com.piit.ebay.com.test12">
        <test-method status="PASS" signature="se()[pri:0, instance:com.piit.ebay.com.test12@7f9fcf7f]" name="se" duration-ms="0" started-at="2020-04-25T00:46:33Z" finished-at="2020-04-25T00:46:33Z">
          <reporter-output>
          </reporter-output>
        </test-method> <!-- se -->
      </class> <!-- com.piit.ebay.com.test12 -->
    </test> <!-- Default test -->
  </suite> <!-- Default suite -->
</testng-results>
